<?xml version="1.0" encoding="UTF-8"?>
<!-- Generated by org.testng.reporters.JUnitXMLReporter -->
<testsuite hostname="NCWin10" name="Command line test" tests="1" failures="1" timestamp="19 Apr 2018 14:43:36 GMT" time="27.592" errors="0">
  <testcase name="Impala_InMemory_DSN" time="20.623" classname="example.NewTest">
    <failure type="java.lang.AssertionError" message="The following asserts failed:
	Failed on clicking New Data button on Dossier Page expected [true] but found [false]">
      <![CDATA[java.lang.AssertionError: The following asserts failed:
	Failed on clicking New Data button on Dossier Page expected [true] but found [false]
	at pages.DossierPage.clickOnNewData(DossierPage.java:35)
	at example.NewTest.Impala_InMemory_DSN(NewTest.java:67)
... Removed 34 stack frames]]>
    </failure>
  </testcase> <!-- Impala_InMemory_DSN -->
</testsuite> <!-- Command line test -->
