<?xml version="1.0" encoding="UTF-8" ?>
<testsuite tests="1" failures="1" name="example.NewTest" time="20.622" errors="0" skipped="0">
  <properties>
[...]
</properties>
  <testcase classname="example.NewTest" name="Impala_InMemory_DSN" time="20.622">
    <failure message="The following asserts failed:
	Failed on clicking New Data button on Dossier Page expected [true] but found [false]" type="java.lang.AssertionError">java.lang.AssertionError: The following asserts failed:
	Failed on clicking New Data button on Dossier Page expected [true] but found [false]
	at org.testng.asserts.SoftAssert.assertAll(SoftAssert.java:43)
	at pages.DossierPage.clickOnNewData(DossierPage.java:35)
	at example.NewTest.Impala_InMemory_DSN(NewTest.java:67)
</failure>
    <system-out>Configuring TestNG with: org.apache.maven.surefire.testng.conf.TestNG652Configurator@6d1e7682
[log] App.open [4544:]
Impala
[log] CLICK on L(226,239)@S(0)[0,0 1920x1080] (531 msec)
[log] CLICK on L(1617,149)@S(0)[0,0 1920x1080] (531 msec)
</system-out>
  </testcase>
</testsuite>